<?xml version="1.0" encoding="UTF-8"?>
<!-- Generated by org.testng.reporters.JUnitXMLReporter -->
<testsuite hostname="DESKTOP-BS0UH87" ignored="0" name="Test" tests="2" failures="1" timestamp="19 Jan 2019 15:38:56 GMT" time="0.058" errors="0">
  <testcase name="failConsciously" time="0.015" classname="package1.AssertStmt">
    <failure type="java.lang.AssertionError" message="expected [true] but found [false]">
      <![CDATA[java.lang.AssertionError: expected [true] but found [false]
at package1.AssertStmt.failConsciously(AssertStmt.java:26)
... Removed 29 stack frames]]>
    </failure>
  </testcase> <!-- failConsciously -->
  <testcase name="positiveDigit" time="0.004" classname="package1.AssertStmt"/>
</testsuite> <!-- Test -->
